\BOOKMARK [0][-]{chapter*.1}{\376\377\000W\000s\000t\001\031\000p}{}% 1
\BOOKMARK [0][-]{chapter.1}{Forma\040pracy}{}% 2
\BOOKMARK [1][-]{section.1.1}{\376\377\000O\000b\000j\000a\001\133\000n\000i\000e\000n\000i\000e\000\040\000p\000o\000j\001\031\001\007}{chapter.1}% 3
\BOOKMARK [1][-]{section.1.2}{Wk\233ad\040w\233asny\040dyplomanta}{chapter.1}% 4
\BOOKMARK [2][-]{subsection.1.2.1}{Badania\040empiryczne}{section.1.2}% 5
\BOOKMARK [2][-]{subsection.1.2.2}{Analiza\040przypadku\040\(case\040study\)}{section.1.2}% 6
\BOOKMARK [2][-]{subsection.1.2.3}{Aplikacja}{section.1.2}% 7
\BOOKMARK [2][-]{subsection.1.2.4}{Model\040\(Framework\)}{section.1.2}% 8
\BOOKMARK [2][-]{subsection.1.2.5}{\376\377\000K\000r\000y\000t\000y\000c\000z\000n\000y\000\040\000p\000r\000z\000e\000g\000l\001\005\000d\000\040\000l\000i\000t\000e\000r\000a\000t\000u\000r\000y}{section.1.2}% 9
\BOOKMARK [0][-]{chapter.2}{Redagowanie\040tekstu}{}% 10
\BOOKMARK [1][-]{section.2.1}{Tekst\040zasadniczy\040pracy}{chapter.2}% 11
\BOOKMARK [1][-]{section.2.2}{Lista\040wypunktowana}{chapter.2}% 12
\BOOKMARK [1][-]{section.2.3}{Lista\040numerowana}{chapter.2}% 13
\BOOKMARK [0][-]{chapter.3}{Rysunki\040i\040tabele}{}% 14
\BOOKMARK [1][-]{section.3.1}{Rysunki}{chapter.3}% 15
\BOOKMARK [1][-]{section.3.2}{Tabele}{chapter.3}% 16
\BOOKMARK [1][-]{section.3.3}{Wzory}{chapter.3}% 17
\BOOKMARK [0][-]{chapter.4}{Literatura\040naukowa}{}% 18
\BOOKMARK [1][-]{section.4.1}{Bazy\040publikacji\040naukowych}{chapter.4}% 19
\BOOKMARK [1][-]{section.4.2}{Baza\040Google\040Scholar}{chapter.4}% 20
\BOOKMARK [1][-]{section.4.3}{Bibliografia}{chapter.4}% 21
\BOOKMARK [0][-]{chapter*.4}{\376\377\000Z\000a\000k\000o\001\104\000c\000z\000e\000n\000i\000e}{}% 22
\BOOKMARK [0][-]{chapter*.5}{Bibliografia}{}% 23
\BOOKMARK [0][-]{section*.6}{Spis\040tabel}{}% 24
\BOOKMARK [0][-]{section*.7}{Spis\040rysunk\363w}{}% 25
\BOOKMARK [0][-]{section*.8}{\376\377\000S\000p\000i\000s\000\040\000k\000o\000d\000\363\000w\000\040\001\172\000r\000\363\000d\001\102\000o\000w\000y\000c\000h}{}% 26
